# JRE version: OpenJDK Runtime Environment (8.0_242-b01) (build 1.8.0_242-release-1644-b01)
# Java VM: OpenJDK 64-Bit Server VM (25.242-b01 mixed mode windows-amd64 compressed oops)
Heap:
 PSYoungGen      total 104960K, used 20261K [0x00000000e0000000, 0x00000000e8400000, 0x0000000100000000)
  eden space 94208K, 21% used [0x00000000e0000000,0x00000000e13c9428,0x00000000e5c00000)
  from space 10752K, 0% used [0x00000000e7980000,0x00000000e7980000,0x00000000e8400000)
  to   space 8704K, 0% used [0x00000000e5c00000,0x00000000e5c00000,0x00000000e6480000)
 ParOldGen       total 43520K, used 18339K [0x00000000a0000000, 0x00000000a2a80000, 0x00000000e0000000)
  object space 43520K, 42% used [0x00000000a0000000,0x00000000a11e8d30,0x00000000a2a80000)
 Metaspace       used 37356K, capacity 38178K, committed 38400K, reserved 1083392K
  class space    used 5152K, capacity 5374K, committed 5376K, reserved 1048576K
GC Heap History (10 events):
Event: 4.592 GC heap before
{Heap before GC invocations=8 (full 1):
 PSYoungGen      total 57856K, used 4789K [0x00000000e0000000, 0x00000000e7100000, 0x0000000100000000)
  eden space 48640K, 0% used [0x00000000e0000000,0x00000000e0000000,0x00000000e2f80000)
  from space 9216K, 51% used [0x00000000e2f80000,0x00000000e342d6e8,0x00000000e3880000)
  to   space 9216K, 0% used [0x00000000e6800000,0x00000000e6800000,0x00000000e7100000)
 ParOldGen       total 65536K, used 8625K [0x00000000a0000000, 0x00000000a4000000, 0x00000000e0000000)
  object space 65536K, 13% used [0x00000000a0000000,0x00000000a086c458,0x00000000a4000000)
 Metaspace       used 20756K, capacity 21186K, committed 21248K, reserved 1067008K
  class space    used 2913K, capacity 3048K, committed 3072K, reserved 1048576K
Event: 4.629 GC heap after
Heap after GC invocations=8 (full 1):
 PSYoungGen      total 57856K, used 0K [0x00000000e0000000, 0x00000000e7100000, 0x0000000100000000)
  eden space 48640K, 0% used [0x00000000e0000000,0x00000000e0000000,0x00000000e2f80000)
  from space 9216K, 0% used [0x00000000e2f80000,0x00000000e2f80000,0x00000000e3880000)
  to   space 9216K, 0% used [0x00000000e6800000,0x00000000e6800000,0x00000000e7100000)
 ParOldGen       total 43520K, used 7308K [0x00000000a0000000, 0x00000000a2a80000, 0x00000000e0000000)
  object space 43520K, 16% used [0x00000000a0000000,0x00000000a0723368,0x00000000a2a80000)
 Metaspace       used 20756K, capacity 21186K, committed 21248K, reserved 1067008K
  class space    used 2913K, capacity 3048K, committed 3072K, reserved 1048576K
}
Event: 5.258 GC heap before
{Heap before GC invocations=9 (full 1):
 PSYoungGen      total 57856K, used 48640K [0x00000000e0000000, 0x00000000e7100000, 0x0000000100000000)
  eden space 48640K, 100% used [0x00000000e0000000,0x00000000e2f80000,0x00000000e2f80000)
  from space 9216K, 0% used [0x00000000e2f80000,0x00000000e2f80000,0x00000000e3880000)
  to   space 9216K, 0% used [0x00000000e6800000,0x00000000e6800000,0x00000000e7100000)
 ParOldGen       total 43520K, used 7308K [0x00000000a0000000, 0x00000000a2a80000, 0x00000000e0000000)
  object space 43520K, 16% used [0x00000000a0000000,0x00000000a0723368,0x00000000a2a80000)
 Metaspace       used 25118K, capacity 25568K, committed 25728K, reserved 1071104K
  class space    used 3495K, capacity 3633K, committed 3712K, reserved 1048576K
Event: 5.263 GC heap after
Heap after GC invocations=9 (full 1):
 PSYoungGen      total 86528K, used 5084K [0x00000000e0000000, 0x00000000e6d00000, 0x0000000100000000)
  eden space 81408K, 0% used [0x00000000e0000000,0x00000000e0000000,0x00000000e4f80000)
  from space 5120K, 99% used [0x00000000e6800000,0x00000000e6cf7308,0x00000000e6d00000)
  to   space 8704K, 0% used [0x00000000e5c00000,0x00000000e5c00000,0x00000000e6480000)
 ParOldGen       total 43520K, used 7316K [0x00000000a0000000, 0x00000000a2a80000, 0x00000000e0000000)
  object space 43520K, 16% used [0x00000000a0000000,0x00000000a0725368,0x00000000a2a80000)
 Metaspace       used 25118K, capacity 25568K, committed 25728K, reserved 1071104K
  class space    used 3495K, capacity 3633K, committed 3712K, reserved 1048576K
}
Event: 6.610 GC heap before
{Heap before GC invocations=10 (full 1):
 PSYoungGen      total 86528K, used 86492K [0x00000000e0000000, 0x00000000e6d00000, 0x0000000100000000)
  eden space 81408K, 100% used [0x00000000e0000000,0x00000000e4f80000,0x00000000e4f80000)
  from space 5120K, 99% used [0x00000000e6800000,0x00000000e6cf7308,0x00000000e6d00000)
  to   space 8704K, 0% used [0x00000000e5c00000,0x00000000e5c00000,0x00000000e6480000)
 ParOldGen       total 43520K, used 7316K [0x00000000a0000000, 0x00000000a2a80000, 0x00000000e0000000)
  object space 43520K, 16% used [0x00000000a0000000,0x00000000a0725368,0x00000000a2a80000)
 Metaspace       used 30156K, capacity 30840K, committed 31104K, reserved 1075200K
  class space    used 4217K, capacity 4400K, committed 4480K, reserved 1048576K
Event: 6.626 GC heap after
Heap after GC invocations=10 (full 1):
 PSYoungGen      total 102912K, used 8689K [0x00000000e0000000, 0x00000000e8400000, 0x0000000100000000)
  eden space 94208K, 0% used [0x00000000e0000000,0x00000000e0000000,0x00000000e5c00000)
  from space 8704K, 99% used [0x00000000e5c00000,0x00000000e647c588,0x00000000e6480000)
  to   space 10752K, 0% used [0x00000000e7980000,0x00000000e7980000,0x00000000e8400000)
 ParOldGen       total 43520K, used 9527K [0x00000000a0000000, 0x00000000a2a80000, 0x00000000e0000000)
  object space 43520K, 21% used [0x00000000a0000000,0x00000000a094df28,0x00000000a2a80000)
 Metaspace       used 30156K, capacity 30840K, committed 31104K, reserved 1075200K
  class space    used 4217K, capacity 4400K, committed 4480K, reserved 1048576K
}
Event: 7.648 GC heap before
{Heap before GC invocations=11 (full 1):
 PSYoungGen      total 102912K, used 56779K [0x00000000e0000000, 0x00000000e8400000, 0x0000000100000000)
  eden space 94208K, 51% used [0x00000000e0000000,0x00000000e2ef6928,0x00000000e5c00000)
  from space 8704K, 99% used [0x00000000e5c00000,0x00000000e647c588,0x00000000e6480000)
  to   space 10752K, 0% used [0x00000000e7980000,0x00000000e7980000,0x00000000e8400000)
 ParOldGen       total 43520K, used 9527K [0x00000000a0000000, 0x00000000a2a80000, 0x00000000e0000000)
  object space 43520K, 21% used [0x00000000a0000000,0x00000000a094df28,0x00000000a2a80000)
 Metaspace       used 34653K, capacity 35310K, committed 35416K, reserved 1079296K
  class space    used 4847K, capacity 5038K, committed 5120K, reserved 1048576K
Event: 7.662 GC heap after
Heap after GC invocations=11 (full 1):
 PSYoungGen      total 104960K, used 9721K [0x00000000e0000000, 0x00000000e8400000, 0x0000000100000000)
  eden space 94208K, 0% used [0x00000000e0000000,0x00000000e0000000,0x00000000e5c00000)
  from space 10752K, 90% used [0x00000000e7980000,0x00000000e82fe4b0,0x00000000e8400000)
  to   space 8704K, 0% used [0x00000000e5c00000,0x00000000e5c00000,0x00000000e6480000)
 ParOldGen       total 43520K, used 11713K [0x00000000a0000000, 0x00000000a2a80000, 0x00000000e0000000)
  object space 43520K, 26% used [0x00000000a0000000,0x00000000a0b70518,0x00000000a2a80000)
 Metaspace       used 34653K, capacity 35310K, committed 35416K, reserved 1079296K
  class space    used 4847K, capacity 5038K, committed 5120K, reserved 1048576K
}
Event: 7.662 GC heap before
{Heap before GC invocations=12 (full 2):
 PSYoungGen      total 104960K, used 9721K [0x00000000e0000000, 0x00000000e8400000, 0x0000000100000000)
  eden space 94208K, 0% used [0x00000000e0000000,0x00000000e0000000,0x00000000e5c00000)
  from space 10752K, 90% used [0x00000000e7980000,0x00000000e82fe4b0,0x00000000e8400000)
  to   space 8704K, 0% used [0x00000000e5c00000,0x00000000e5c00000,0x00000000e6480000)
 ParOldGen       total 43520K, used 11713K [0x00000000a0000000, 0x00000000a2a80000, 0x00000000e0000000)
  object space 43520K, 26% used [0x00000000a0000000,0x00000000a0b70518,0x00000000a2a80000)
 Metaspace       used 34653K, capacity 35310K, committed 35416K, reserved 1079296K
  class space    used 4847K, capacity 5038K, committed 5120K, reserved 1048576K
Event: 7.729 GC heap after
Heap after GC invocations=12 (full 2):
 PSYoungGen      total 104960K, used 0K [0x00000000e0000000, 0x00000000e8400000, 0x0000000100000000)
  eden space 94208K, 0% used [0x00000000e0000000,0x00000000e0000000,0x00000000e5c00000)
  from space 10752K, 0% used [0x00000000e7980000,0x00000000e7980000,0x00000000e8400000)
  to   space 8704K, 0% used [0x00000000e5c00000,0x00000000e5c00000,0x00000000e6480000)
 ParOldGen       total 43520K, used 18339K [0x00000000a0000000, 0x00000000a2a80000, 0x00000000e0000000)
  object space 43520K, 42% used [0x00000000a0000000,0x00000000a11e8d30,0x00000000a2a80000)
 Metaspace       used 34653K, capacity 35310K, committed 35416K, reserved 1079296K
  class space    used 4847K, capacity 5038K, committed 5120K, reserved 1048576K
}

